Started GET "/" for ::1 at 2020-10-08 16:36:51 -0700
DEPRECATION WARNING: ActiveRecord::Base.raise_in_transactional_callbacks= is deprecated, has no effect and will be removed without replacement. (called from block (3 levels) in <class:Railtie> at /Users/carlosgarciajr/.rbenv/versions/2.5.1/lib/ruby/gems/2.5.0/gems/activerecord-5.0.7.2/lib/active_record/railtie.rb:113)
Processing by StaticPagesController#index as HTML
  Rendering static_pages/index.html.erb within layouts/application
  Rendered shared/_main_nav.html.erb (0.3ms)
  Rendered shared/_masthead.html.erb (0.2ms)
  Rendered shared/_sections_nav.html.erb (0.2ms)
  Rendered shared/_search_modal.html.erb (0.2ms)
  Rendered shared/_main_content.html.erb (0.2ms)
  Rendered static_pages/index.html.erb within layouts/application (15.2ms)
Completed 200 OK in 362ms (Views: 358.9ms | ActiveRecord: 0.0ms)


Started GET "/assets/application.self-5e5b219656abf8c4e83f7dfd5e5f4f415d8fe2348d16620303a4ed96d1b5a144.css?body=1" for ::1 at 2020-10-08 16:36:52 -0700
Started GET "/" for ::1 at 2020-10-08 16:36:53 -0700
Processing by StaticPagesController#index as HTML
  Rendering static_pages/index.html.erb within layouts/application
  Rendered shared/_main_nav.html.erb (0.2ms)
  Rendered shared/_masthead.html.erb (0.2ms)
  Rendered shared/_sections_nav.html.erb (0.2ms)
  Rendered shared/_search_modal.html.erb (0.2ms)
  Rendered shared/_main_content.html.erb (0.1ms)
  Rendered static_pages/index.html.erb within layouts/application (13.2ms)
Completed 200 OK in 29ms (Views: 26.9ms | ActiveRecord: 0.0ms)


Started GET "/" for ::1 at 2020-10-08 16:37:17 -0700
Processing by StaticPagesController#index as HTML
  Rendering static_pages/index.html.erb within layouts/application
  Rendered shared/_main_nav.html.erb (0.2ms)
  Rendered shared/_masthead.html.erb (0.2ms)
  Rendered shared/_sections_nav.html.erb (0.2ms)
  Rendered shared/_search_modal.html.erb (0.2ms)
  Rendered shared/_main_content.html.erb (0.2ms)
  Rendered static_pages/index.html.erb within layouts/application (14.6ms)
Completed 200 OK in 35ms (Views: 31.8ms | ActiveRecord: 0.0ms)


Started GET "/" for ::1 at 2020-10-08 16:37:20 -0700
Processing by StaticPagesController#index as HTML
  Rendering static_pages/index.html.erb within layouts/application
  Rendered shared/_main_nav.html.erb (0.2ms)
  Rendered shared/_masthead.html.erb (0.2ms)
  Rendered shared/_sections_nav.html.erb (0.2ms)
  Rendered shared/_search_modal.html.erb (0.2ms)
  Rendered shared/_main_content.html.erb (0.2ms)
  Rendered static_pages/index.html.erb within layouts/application (12.8ms)
Completed 200 OK in 30ms (Views: 27.7ms | ActiveRecord: 0.0ms)


Started GET "/" for ::1 at 2020-10-09 09:59:50 -0700
DEPRECATION WARNING: ActiveRecord::Base.raise_in_transactional_callbacks= is deprecated, has no effect and will be removed without replacement. (called from block (3 levels) in <class:Railtie> at /Users/carlosgarciajr/.rbenv/versions/2.5.1/lib/ruby/gems/2.5.0/gems/activerecord-5.0.7.2/lib/active_record/railtie.rb:113)
Processing by StaticPagesController#index as HTML
  Rendering static_pages/index.html.erb within layouts/application
  Rendered shared/_main_nav.html.erb (0.3ms)
  Rendered shared/_masthead.html.erb (0.2ms)
  Rendered shared/_sections_nav.html.erb (0.2ms)
  Rendered shared/_search_modal.html.erb (0.2ms)
  Rendered shared/_main_content.html.erb (0.2ms)
  Rendered static_pages/index.html.erb within layouts/application (15.4ms)
Completed 200 OK in 353ms (Views: 350.1ms | ActiveRecord: 0.0ms)


Started GET "/assets/application.self-7aae4f884d21c0f895d0e25909b4a3857ca3f7bdd4412baf28bf32a8b1f558b1.css?body=1" for ::1 at 2020-10-09 09:59:51 -0700
Started GET "/" for ::1 at 2020-10-09 10:00:16 -0700
Processing by StaticPagesController#index as HTML
  Rendering static_pages/index.html.erb within layouts/application
  Rendered shared/_main_nav.html.erb (0.2ms)
  Rendered shared/_masthead.html.erb (0.2ms)
  Rendered shared/_sections_nav.html.erb (0.1ms)
  Rendered shared/_search_modal.html.erb (0.2ms)
  Rendered shared/_main_content.html.erb (0.4ms)
  Rendered static_pages/index.html.erb within layouts/application (12.9ms)
Completed 200 OK in 34ms (Views: 30.5ms | ActiveRecord: 0.0ms)


Started GET "/assets/new_office.jpg" for ::1 at 2020-10-09 10:00:16 -0700
Started GET "/" for ::1 at 2020-10-09 10:03:51 -0700
Processing by StaticPagesController#index as HTML
  Rendering static_pages/index.html.erb within layouts/application
  Rendered shared/_main_nav.html.erb (0.2ms)
  Rendered shared/_masthead.html.erb (0.2ms)
  Rendered shared/_sections_nav.html.erb (0.3ms)
  Rendered shared/_search_modal.html.erb (0.2ms)
  Rendered shared/_main_content.html.erb (0.3ms)
  Rendered static_pages/index.html.erb within layouts/application (13.1ms)
Completed 200 OK in 109ms (Views: 104.9ms | ActiveRecord: 0.0ms)


Started GET "/assets/application.self-e229079662ba64eec2df88cc9898f07a6b5005419aa37c928d3d684a6d58d3e4.css?body=1" for ::1 at 2020-10-09 10:03:51 -0700
Started GET "/assets/new_office.jpg" for ::1 at 2020-10-09 10:03:51 -0700
Started GET "/" for ::1 at 2020-10-12 13:48:14 -0700
DEPRECATION WARNING: ActiveRecord::Base.raise_in_transactional_callbacks= is deprecated, has no effect and will be removed without replacement. (called from block (3 levels) in <class:Railtie> at /Users/carlosgarciajr/.rbenv/versions/2.5.1/lib/ruby/gems/2.5.0/gems/activerecord-5.0.7.2/lib/active_record/railtie.rb:113)
Processing by StaticPagesController#index as HTML
  Rendering static_pages/index.html.erb within layouts/application
  Rendered shared/_main_nav.html.erb (0.2ms)
  Rendered shared/_masthead.html.erb (0.1ms)
  Rendered shared/_sections_nav.html.erb (0.1ms)
  Rendered shared/_search_modal.html.erb (0.2ms)
  Rendered shared/_main_content.html.erb (0.3ms)
  Rendered static_pages/index.html.erb within layouts/application (14.5ms)
Completed 500 Internal Server Error in 194ms (ActiveRecord: 0.0ms)



Sass::SyntaxError - File to import not found or unreadable: base/grid.scss.
Load paths:
  /Users/carlosgarciajr/Documents/programming/app_academy_work/curriculum/html-css/projects/aa_times/skeleton/app/assets/images
  /Users/carlosgarciajr/Documents/programming/app_academy_work/curriculum/html-css/projects/aa_times/skeleton/app/assets/javascripts
  /Users/carlosgarciajr/Documents/programming/app_academy_work/curriculum/html-css/projects/aa_times/skeleton/app/assets/stylesheets
  /Users/carlosgarciajr/Documents/programming/app_academy_work/curriculum/html-css/projects/aa_times/skeleton/vendor/assets/javascripts
  /Users/carlosgarciajr/Documents/programming/app_academy_work/curriculum/html-css/projects/aa_times/skeleton/vendor/assets/stylesheets
  /Users/carlosgarciajr/.rbenv/versions/2.5.1/lib/ruby/gems/2.5.0/gems/jquery-rails-4.4.0/vendor/assets/javascripts
  /Users/carlosgarciajr/.rbenv/versions/2.5.1/lib/ruby/gems/2.5.0/gems/coffee-rails-4.2.2/lib/assets/javascripts
  /Users/carlosgarciajr/.rbenv/versions/2.5.1/lib/ruby/gems/2.5.0/gems/actioncable-5.0.7.2/lib/assets/compiled:
  app/views/layouts/application.html.erb:7:in `_app_views_layouts_application_html_erb___270333905406359367_70279989431840'

Started POST "/__better_errors/927a171e4587d656/variables" for ::1 at 2020-10-12 13:48:14 -0700
Started GET "/" for ::1 at 2020-10-12 13:48:41 -0700
Processing by StaticPagesController#index as HTML
  Rendering static_pages/index.html.erb within layouts/application
  Rendered shared/_main_nav.html.erb (0.2ms)
  Rendered shared/_masthead.html.erb (0.1ms)
  Rendered shared/_sections_nav.html.erb (0.3ms)
  Rendered shared/_search_modal.html.erb (0.3ms)
  Rendered shared/_main_content.html.erb (0.2ms)
  Rendered static_pages/index.html.erb within layouts/application (12.8ms)
Completed 200 OK in 110ms (Views: 107.4ms | ActiveRecord: 0.0ms)


Started GET "/assets/application.self-1237ad35a9ee79bd64030d4638d1fd80f6734c490eb538e0dd01d7af3c16bf40.css?body=1" for ::1 at 2020-10-12 13:48:41 -0700
Started GET "/" for ::1 at 2020-10-12 13:48:43 -0700
Processing by StaticPagesController#index as HTML
  Rendering static_pages/index.html.erb within layouts/application
  Rendered shared/_main_nav.html.erb (0.2ms)
  Rendered shared/_masthead.html.erb (0.2ms)
  Rendered shared/_sections_nav.html.erb (0.2ms)
  Rendered shared/_search_modal.html.erb (0.2ms)
  Rendered shared/_main_content.html.erb (0.2ms)
  Rendered static_pages/index.html.erb within layouts/application (13.1ms)
Completed 200 OK in 33ms (Views: 29.9ms | ActiveRecord: 0.0ms)


Started GET "/" for ::1 at 2020-10-12 13:55:52 -0700
DEPRECATION WARNING: ActiveRecord::Base.raise_in_transactional_callbacks= is deprecated, has no effect and will be removed without replacement. (called from block (3 levels) in <class:Railtie> at /Users/carlosgarciajr/.rbenv/versions/2.5.1/lib/ruby/gems/2.5.0/gems/activerecord-5.0.7.2/lib/active_record/railtie.rb:113)
Processing by StaticPagesController#index as HTML
  Rendering static_pages/index.html.erb within layouts/application
  Rendered shared/_main_nav.html.erb (0.2ms)
  Rendered shared/_masthead.html.erb (0.1ms)
  Rendered shared/_sections_nav.html.erb (0.3ms)
  Rendered shared/_search_modal.html.erb (0.2ms)
  Rendered shared/_main_content.html.erb (0.3ms)
  Rendered static_pages/index.html.erb within layouts/application (14.6ms)
Completed 200 OK in 257ms (Views: 254.8ms | ActiveRecord: 0.0ms)


Started GET "/assets/application.self-758afe40c177e32f890a8b8e23f11571b5d1785af915c0789bd6a19191afc6ab.css?body=1" for ::1 at 2020-10-12 13:55:52 -0700
Started GET "/assets/new_office.jpg" for ::1 at 2020-10-12 13:55:52 -0700
Started GET "/" for ::1 at 2020-10-12 13:56:32 -0700
Processing by StaticPagesController#index as HTML
  Rendering static_pages/index.html.erb within layouts/application
  Rendered shared/_main_nav.html.erb (0.1ms)
  Rendered shared/_masthead.html.erb (0.2ms)
  Rendered shared/_sections_nav.html.erb (0.1ms)
  Rendered shared/_search_modal.html.erb (0.3ms)
  Rendered shared/_main_content.html.erb (0.3ms)
  Rendered static_pages/index.html.erb within layouts/application (12.3ms)
Completed 200 OK in 75ms (Views: 72.8ms | ActiveRecord: 0.0ms)


Started GET "/assets/application.self-e229079662ba64eec2df88cc9898f07a6b5005419aa37c928d3d684a6d58d3e4.css?body=1" for ::1 at 2020-10-12 13:56:32 -0700
Started GET "/assets/new_office.jpg" for ::1 at 2020-10-12 13:56:32 -0700
Started GET "/" for ::1 at 2020-10-12 13:56:33 -0700
Processing by StaticPagesController#index as HTML
  Rendering static_pages/index.html.erb within layouts/application
  Rendered shared/_main_nav.html.erb (0.2ms)
  Rendered shared/_masthead.html.erb (0.2ms)
  Rendered shared/_sections_nav.html.erb (0.2ms)
  Rendered shared/_search_modal.html.erb (0.2ms)
  Rendered shared/_main_content.html.erb (0.2ms)
  Rendered static_pages/index.html.erb within layouts/application (12.9ms)
Completed 200 OK in 34ms (Views: 31.3ms | ActiveRecord: 0.0ms)


Started GET "/assets/new_office.jpg" for ::1 at 2020-10-12 13:56:33 -0700
Started GET "/" for ::1 at 2020-10-12 13:57:15 -0700
Processing by StaticPagesController#index as HTML
  Rendering static_pages/index.html.erb within layouts/application
  Rendered shared/_main_nav.html.erb (0.2ms)
  Rendered shared/_masthead.html.erb (0.2ms)
  Rendered shared/_sections_nav.html.erb (0.2ms)
  Rendered shared/_search_modal.html.erb (0.2ms)
  Rendered shared/_main_content.html.erb (0.3ms)
  Rendered static_pages/index.html.erb within layouts/application (12.6ms)
Completed 200 OK in 92ms (Views: 88.2ms | ActiveRecord: 0.0ms)


Started GET "/assets/application.self-7aae4f884d21c0f895d0e25909b4a3857ca3f7bdd4412baf28bf32a8b1f558b1.css?body=1" for ::1 at 2020-10-12 13:57:15 -0700
Started GET "/assets/new_office.jpg" for ::1 at 2020-10-12 13:57:15 -0700
Started GET "/" for ::1 at 2021-04-08 10:31:44 -0400
DEPRECATION WARNING: ActiveRecord::Base.raise_in_transactional_callbacks= is deprecated, has no effect and will be removed without replacement. (called from block (3 levels) in <class:Railtie> at /Users/akerpelm/.rbenv/versions/2.5.8/lib/ruby/gems/2.5.0/gems/activerecord-5.0.7.2/lib/active_record/railtie.rb:113)
Processing by StaticPagesController#index as HTML
  Rendering static_pages/index.html.erb within layouts/application
  Rendered shared/_main_nav.html.erb (0.1ms)
  Rendered shared/_masthead.html.erb (0.1ms)
  Rendered shared/_sections_nav.html.erb (0.1ms)
  Rendered shared/_search_modal.html.erb (0.1ms)
  Rendered shared/_main_content.html.erb (0.1ms)
  Rendered static_pages/index.html.erb within layouts/application (7.1ms)
Completed 200 OK in 269ms (Views: 267.1ms | ActiveRecord: 0.0ms)


Started GET "/assets/components/sidebar.self-2a1277f850a6fa21e1a974ef5152f177ac05516477d5081d593bb137b3d6808b.js?body=1" for ::1 at 2021-04-08 10:31:44 -0400
Started GET "/assets/jquery_ujs.self-784a997f6726036b1993eb2217c9cb558e1cbb801c6da88105588c56f13b466a.js?body=1" for ::1 at 2021-04-08 10:31:44 -0400
Started GET "/assets/application.self-df301f0376e006933fb4652aa0af6d94e459d2ff2d20d04683f65b46817c3960.css?body=1" for ::1 at 2021-04-08 10:31:44 -0400
Started GET "/assets/application.self-f571b9db02bf4ed04c38a6a29072ac382f7d4f47db1fab9817aeadb0d8665235.js?body=1" for ::1 at 2021-04-08 10:31:44 -0400
Started GET "/assets/components/modal.self-52188644dbb47def5ee35ae02e69eb567ca9b664472357a8a5789dd39032a265.js?body=1" for ::1 at 2021-04-08 10:31:44 -0400
Started GET "/assets/jquery.self-bd7ddd393353a8d2480a622e80342adf488fb6006d667e8b42e4c0073393abee.js?body=1" for ::1 at 2021-04-08 10:31:44 -0400
Started GET "/" for ::1 at 2021-04-08 10:32:58 -0400
Processing by StaticPagesController#index as HTML
  Rendering static_pages/index.html.erb within layouts/application
  Rendered shared/_main_nav.html.erb (0.2ms)
  Rendered shared/_masthead.html.erb (0.1ms)
  Rendered shared/_sections_nav.html.erb (0.1ms)
  Rendered shared/_search_modal.html.erb (0.1ms)
  Rendered shared/_main_content.html.erb (0.1ms)
  Rendered static_pages/index.html.erb within layouts/application (8.5ms)
Started GET "/assets/application.self-df301f0376e006933fb4652aa0af6d94e459d2ff2d20d04683f65b46817c3960.css?body=1&livereload=1617892378085" for ::1 at 2021-04-08 10:32:58 -0400
Started GET "/assets/application.self-df301f0376e006933fb4652aa0af6d94e459d2ff2d20d04683f65b46817c3960.css?body=1&livereload=1617892378086" for ::1 at 2021-04-08 10:32:58 -0400
Completed 200 OK in 88ms (Views: 84.3ms | ActiveRecord: 0.0ms)


Started GET "/assets/application.self-250b4f4e16df6be1cf846547b152e604fb70af79847835ac452fca3daaa7ce9c.css?body=1" for ::1 at 2021-04-08 10:32:58 -0400
Started GET "/" for ::1 at 2021-04-08 10:32:58 -0400
Processing by StaticPagesController#index as HTML
  Rendering static_pages/index.html.erb within layouts/application
  Rendered shared/_main_nav.html.erb (0.5ms)
  Rendered shared/_masthead.html.erb (0.4ms)
  Rendered shared/_sections_nav.html.erb (0.2ms)
  Rendered shared/_search_modal.html.erb (0.2ms)
  Rendered shared/_main_content.html.erb (0.3ms)
  Rendered static_pages/index.html.erb within layouts/application (16.7ms)
Completed 200 OK in 44ms (Views: 40.7ms | ActiveRecord: 0.0ms)


Started GET "/assets/application.self-250b4f4e16df6be1cf846547b152e604fb70af79847835ac452fca3daaa7ce9c.css?body=1&livereload=1617892381070" for ::1 at 2021-04-08 10:33:01 -0400
Started GET "/assets/application.self-250b4f4e16df6be1cf846547b152e604fb70af79847835ac452fca3daaa7ce9c.css?body=1&livereload=1617892381068" for ::1 at 2021-04-08 10:33:01 -0400
Started GET "/assets/application.self-250b4f4e16df6be1cf846547b152e604fb70af79847835ac452fca3daaa7ce9c.css?body=1&livereload=1617892389149" for ::1 at 2021-04-08 10:33:09 -0400
Started GET "/assets/application.self-250b4f4e16df6be1cf846547b152e604fb70af79847835ac452fca3daaa7ce9c.css?body=1&livereload=1617892389151" for ::1 at 2021-04-08 10:33:09 -0400
Started GET "/assets/application.self-250b4f4e16df6be1cf846547b152e604fb70af79847835ac452fca3daaa7ce9c.css?body=1&livereload=1617892405205" for ::1 at 2021-04-08 10:33:25 -0400
Started GET "/assets/application.self-250b4f4e16df6be1cf846547b152e604fb70af79847835ac452fca3daaa7ce9c.css?body=1&livereload=1617892405206" for ::1 at 2021-04-08 10:33:25 -0400
Started GET "/assets/application.self-250b4f4e16df6be1cf846547b152e604fb70af79847835ac452fca3daaa7ce9c.css?body=1&livereload=1617892414234" for ::1 at 2021-04-08 10:33:34 -0400
Started GET "/assets/application.self-250b4f4e16df6be1cf846547b152e604fb70af79847835ac452fca3daaa7ce9c.css?body=1&livereload=1617892414233" for ::1 at 2021-04-08 10:33:34 -0400
Started GET "/assets/application.self-250b4f4e16df6be1cf846547b152e604fb70af79847835ac452fca3daaa7ce9c.css?body=1&livereload=1617892720712" for ::1 at 2021-04-08 10:38:40 -0400
Started GET "/assets/application.self-250b4f4e16df6be1cf846547b152e604fb70af79847835ac452fca3daaa7ce9c.css?body=1&livereload=1617892720711" for ::1 at 2021-04-08 10:38:40 -0400
Started GET "/assets/application.self-250b4f4e16df6be1cf846547b152e604fb70af79847835ac452fca3daaa7ce9c.css?body=1&livereload=1617893108627" for ::1 at 2021-04-08 10:45:08 -0400
Started GET "/assets/application.self-250b4f4e16df6be1cf846547b152e604fb70af79847835ac452fca3daaa7ce9c.css?body=1&livereload=1617893108625" for ::1 at 2021-04-08 10:45:08 -0400
Started GET "/assets/application.self-250b4f4e16df6be1cf846547b152e604fb70af79847835ac452fca3daaa7ce9c.css?body=1&livereload=1617893134662" for ::1 at 2021-04-08 10:45:34 -0400
Started GET "/assets/application.self-250b4f4e16df6be1cf846547b152e604fb70af79847835ac452fca3daaa7ce9c.css?body=1&livereload=1617893134663" for ::1 at 2021-04-08 10:45:34 -0400
Started GET "/assets/application.self-250b4f4e16df6be1cf846547b152e604fb70af79847835ac452fca3daaa7ce9c.css?body=1&livereload=1617893160835" for ::1 at 2021-04-08 10:46:00 -0400
Started GET "/assets/application.self-250b4f4e16df6be1cf846547b152e604fb70af79847835ac452fca3daaa7ce9c.css?body=1&livereload=1617893160838" for ::1 at 2021-04-08 10:46:00 -0400
Started GET "/assets/application.self-250b4f4e16df6be1cf846547b152e604fb70af79847835ac452fca3daaa7ce9c.css?body=1&livereload=1617893223104" for ::1 at 2021-04-08 10:47:03 -0400
Started GET "/assets/application.self-250b4f4e16df6be1cf846547b152e604fb70af79847835ac452fca3daaa7ce9c.css?body=1&livereload=1617893223105" for ::1 at 2021-04-08 10:47:03 -0400
Started GET "/assets/application.self-250b4f4e16df6be1cf846547b152e604fb70af79847835ac452fca3daaa7ce9c.css?body=1&livereload=1617893237187&livereload=1617893237187" for ::1 at 2021-04-08 10:47:17 -0400
Started GET "/" for ::1 at 2021-04-08 10:47:17 -0400
Started GET "/assets/application.self-250b4f4e16df6be1cf846547b152e604fb70af79847835ac452fca3daaa7ce9c.css?body=1&livereload=1617893237187" for ::1 at 2021-04-08 10:47:17 -0400
Processing by StaticPagesController#index as HTML
  Rendering static_pages/index.html.erb within layouts/application
  Rendered shared/_main_nav.html.erb (0.2ms)
  Rendered shared/_masthead.html.erb (0.2ms)
  Rendered shared/_sections_nav.html.erb (0.1ms)
  Rendered shared/_search_modal.html.erb (0.2ms)
  Rendered shared/_main_content.html.erb (0.2ms)
  Rendered static_pages/index.html.erb within layouts/application (10.9ms)
Completed 200 OK in 110ms (Views: 105.3ms | ActiveRecord: 0.0ms)


Started GET "/assets/application.self-70460b6679653fa1466e1a59eb16e34c9ea033f1efd648687d27c06938772dc1.css?body=1" for ::1 at 2021-04-08 10:47:17 -0400
Started GET "/assets/application.self-70460b6679653fa1466e1a59eb16e34c9ea033f1efd648687d27c06938772dc1.css?body=1&livereload=1617893251302" for ::1 at 2021-04-08 10:47:31 -0400
Started GET "/assets/application.self-70460b6679653fa1466e1a59eb16e34c9ea033f1efd648687d27c06938772dc1.css?body=1&livereload=1617893251301" for ::1 at 2021-04-08 10:47:31 -0400
Started GET "/assets/application.self-70460b6679653fa1466e1a59eb16e34c9ea033f1efd648687d27c06938772dc1.css?body=1&livereload=1617893319519" for ::1 at 2021-04-08 10:48:39 -0400
Started GET "/assets/application.self-70460b6679653fa1466e1a59eb16e34c9ea033f1efd648687d27c06938772dc1.css?body=1&livereload=1617893319521" for ::1 at 2021-04-08 10:48:39 -0400
Started GET "/assets/application.self-70460b6679653fa1466e1a59eb16e34c9ea033f1efd648687d27c06938772dc1.css?body=1&livereload=1617893331546" for ::1 at 2021-04-08 10:48:51 -0400
Started GET "/assets/application.self-70460b6679653fa1466e1a59eb16e34c9ea033f1efd648687d27c06938772dc1.css?body=1&livereload=1617893331543" for ::1 at 2021-04-08 10:48:51 -0400
Started GET "/assets/application.self-70460b6679653fa1466e1a59eb16e34c9ea033f1efd648687d27c06938772dc1.css?body=1&livereload=1617893370804" for ::1 at 2021-04-08 10:49:30 -0400
Started GET "/assets/application.self-70460b6679653fa1466e1a59eb16e34c9ea033f1efd648687d27c06938772dc1.css?body=1&livereload=1617893370806" for ::1 at 2021-04-08 10:49:30 -0400
Started GET "/assets/application.self-70460b6679653fa1466e1a59eb16e34c9ea033f1efd648687d27c06938772dc1.css?body=1&livereload=1617893457221" for ::1 at 2021-04-08 10:50:57 -0400
Started GET "/assets/application.self-70460b6679653fa1466e1a59eb16e34c9ea033f1efd648687d27c06938772dc1.css?body=1&livereload=1617893457222" for ::1 at 2021-04-08 10:50:57 -0400
Started GET "/assets/application.self-70460b6679653fa1466e1a59eb16e34c9ea033f1efd648687d27c06938772dc1.css?body=1&livereload=1617893475289" for ::1 at 2021-04-08 10:51:15 -0400
Started GET "/assets/application.self-70460b6679653fa1466e1a59eb16e34c9ea033f1efd648687d27c06938772dc1.css?body=1&livereload=1617893475290" for ::1 at 2021-04-08 10:51:15 -0400
Started GET "/assets/application.self-70460b6679653fa1466e1a59eb16e34c9ea033f1efd648687d27c06938772dc1.css?body=1&livereload=1617893489363" for ::1 at 2021-04-08 10:51:29 -0400
Started GET "/assets/application.self-70460b6679653fa1466e1a59eb16e34c9ea033f1efd648687d27c06938772dc1.css?body=1&livereload=1617893489365" for ::1 at 2021-04-08 10:51:29 -0400
Started GET "/assets/application.self-70460b6679653fa1466e1a59eb16e34c9ea033f1efd648687d27c06938772dc1.css?body=1&livereload=1617893503424" for ::1 at 2021-04-08 10:51:43 -0400
Started GET "/assets/application.self-70460b6679653fa1466e1a59eb16e34c9ea033f1efd648687d27c06938772dc1.css?body=1&livereload=1617893503425" for ::1 at 2021-04-08 10:51:43 -0400
Started GET "/assets/application.self-70460b6679653fa1466e1a59eb16e34c9ea033f1efd648687d27c06938772dc1.css?body=1&livereload=1617893547636" for ::1 at 2021-04-08 10:52:27 -0400
Started GET "/assets/application.self-70460b6679653fa1466e1a59eb16e34c9ea033f1efd648687d27c06938772dc1.css?body=1&livereload=1617893547634" for ::1 at 2021-04-08 10:52:27 -0400
Started GET "/" for ::1 at 2021-04-08 10:53:59 -0400
Processing by StaticPagesController#index as HTML
  Rendering static_pages/index.html.erb within layouts/application
  Rendered shared/_main_nav.html.erb (0.2ms)
  Rendered shared/_masthead.html.erb (0.1ms)
  Rendered shared/_sections_nav.html.erb (0.2ms)
  Rendered shared/_search_modal.html.erb (0.1ms)
  Rendered shared/_main_content.html.erb (0.1ms)
  Rendered static_pages/index.html.erb within layouts/application (7.6ms)
Completed 200 OK in 40ms (Views: 34.7ms | ActiveRecord: 0.0ms)


Started GET "/assets/application.self-525b7b84606c2b25f43a7cfc9bf3c0dd04e7744f4f04966fa3c2420c048482b3.css?body=1" for ::1 at 2021-04-08 10:53:59 -0400
Started GET "/" for ::1 at 2021-04-08 10:55:29 -0400
Processing by StaticPagesController#index as HTML
  Rendering static_pages/index.html.erb within layouts/application
  Rendered shared/_main_nav.html.erb (0.1ms)
  Rendered shared/_masthead.html.erb (0.1ms)
  Rendered shared/_sections_nav.html.erb (0.2ms)
  Rendered shared/_search_modal.html.erb (0.1ms)
  Rendered shared/_main_content.html.erb (0.1ms)
  Rendered static_pages/index.html.erb within layouts/application (6.8ms)
Completed 200 OK in 32ms (Views: 27.7ms | ActiveRecord: 0.0ms)


Started GET "/" for ::1 at 2021-04-08 10:56:48 -0400
Processing by StaticPagesController#index as HTML
  Rendering static_pages/index.html.erb within layouts/application
  Rendered shared/_main_nav.html.erb (0.2ms)
  Rendered shared/_masthead.html.erb (0.1ms)
  Rendered shared/_sections_nav.html.erb (0.7ms)
  Rendered shared/_search_modal.html.erb (0.1ms)
  Rendered shared/_main_content.html.erb (0.1ms)
  Rendered static_pages/index.html.erb within layouts/application (9.2ms)
Completed 200 OK in 32ms (Views: 28.5ms | ActiveRecord: 0.0ms)


Started GET "/" for ::1 at 2021-04-08 10:58:02 -0400
Processing by StaticPagesController#index as HTML
  Rendering static_pages/index.html.erb within layouts/application
  Rendered shared/_main_nav.html.erb (0.4ms)
  Rendered shared/_masthead.html.erb (0.5ms)
  Rendered shared/_sections_nav.html.erb (0.2ms)
  Rendered shared/_search_modal.html.erb (0.2ms)
  Rendered shared/_main_content.html.erb (0.2ms)
  Rendered static_pages/index.html.erb within layouts/application (15.5ms)
Completed 200 OK in 44ms (Views: 39.0ms | ActiveRecord: 0.0ms)


Started GET "/" for ::1 at 2021-04-08 10:58:20 -0400
Processing by StaticPagesController#index as HTML
  Rendering static_pages/index.html.erb within layouts/application
  Rendered shared/_main_nav.html.erb (0.1ms)
  Rendered shared/_masthead.html.erb (0.1ms)
  Rendered shared/_sections_nav.html.erb (0.2ms)
  Rendered shared/_search_modal.html.erb (0.1ms)
  Rendered shared/_main_content.html.erb (0.1ms)
  Rendered static_pages/index.html.erb within layouts/application (7.8ms)
Completed 200 OK in 32ms (Views: 28.2ms | ActiveRecord: 0.0ms)


Started GET "/" for ::1 at 2021-04-08 10:58:36 -0400
Processing by StaticPagesController#index as HTML
  Rendering static_pages/index.html.erb within layouts/application
  Rendered shared/_main_nav.html.erb (0.3ms)
  Rendered shared/_masthead.html.erb (0.2ms)
  Rendered shared/_sections_nav.html.erb (0.1ms)
  Rendered shared/_search_modal.html.erb (0.1ms)
  Rendered shared/_main_content.html.erb (0.2ms)
  Rendered static_pages/index.html.erb within layouts/application (10.4ms)
Completed 200 OK in 39ms (Views: 33.9ms | ActiveRecord: 0.0ms)


Started GET "/" for ::1 at 2021-04-08 10:58:58 -0400
Processing by StaticPagesController#index as HTML
  Rendering static_pages/index.html.erb within layouts/application
  Rendered shared/_main_nav.html.erb (0.3ms)
  Rendered shared/_masthead.html.erb (0.1ms)
  Rendered shared/_sections_nav.html.erb (0.2ms)
  Rendered shared/_search_modal.html.erb (0.1ms)
  Rendered shared/_main_content.html.erb (0.1ms)
  Rendered static_pages/index.html.erb within layouts/application (8.6ms)
Completed 200 OK in 31ms (Views: 27.0ms | ActiveRecord: 0.0ms)


Started GET "/assets/application.self-525b7b84606c2b25f43a7cfc9bf3c0dd04e7744f4f04966fa3c2420c048482b3.css?body=1&livereload=1617893981650" for ::1 at 2021-04-08 10:59:41 -0400
Started GET "/assets/application.self-525b7b84606c2b25f43a7cfc9bf3c0dd04e7744f4f04966fa3c2420c048482b3.css?body=1&livereload=1617893981651" for ::1 at 2021-04-08 10:59:41 -0400
Started GET "/assets/application.self-525b7b84606c2b25f43a7cfc9bf3c0dd04e7744f4f04966fa3c2420c048482b3.css?body=1&livereload=1617893989744" for ::1 at 2021-04-08 10:59:49 -0400
Started GET "/assets/application.self-525b7b84606c2b25f43a7cfc9bf3c0dd04e7744f4f04966fa3c2420c048482b3.css?body=1&livereload=1617893989745" for ::1 at 2021-04-08 10:59:49 -0400
Started GET "/" for 127.0.0.1 at 2021-04-08 11:08:50 -0400
DEPRECATION WARNING: ActiveRecord::Base.raise_in_transactional_callbacks= is deprecated, has no effect and will be removed without replacement. (called from block (3 levels) in <class:Railtie> at /home/sam_qi/.rbenv/versions/2.5.1/lib/ruby/gems/2.5.0/gems/activerecord-5.0.7.2/lib/active_record/railtie.rb:113)
Processing by StaticPagesController#index as HTML
  Rendering static_pages/index.html.erb within layouts/application
  Rendered shared/_main_nav.html.erb (0.3ms)
  Rendered shared/_masthead.html.erb (0.2ms)
  Rendered shared/_sections_nav.html.erb (0.2ms)
  Rendered shared/_search_modal.html.erb (0.2ms)
  Rendered shared/_main_content.html.erb (0.2ms)
  Rendered static_pages/index.html.erb within layouts/application (25.6ms)
Completed 200 OK in 1039ms (Views: 1036.5ms | ActiveRecord: 0.0ms)


Started GET "/assets/application.self-333cb729bb041ae083f9d0d95ed3d3a43d273a9566f583ef09ae0b9c9acee948.css?body=1" for ::1 at 2021-04-08 11:08:52 -0400
Started GET "/assets/components/modal.self-52188644dbb47def5ee35ae02e69eb567ca9b664472357a8a5789dd39032a265.js?body=1" for ::1 at 2021-04-08 11:08:52 -0400
Started GET "/assets/jquery_ujs.self-784a997f6726036b1993eb2217c9cb558e1cbb801c6da88105588c56f13b466a.js?body=1" for ::1 at 2021-04-08 11:08:52 -0400
Started GET "/assets/jquery.self-bd7ddd393353a8d2480a622e80342adf488fb6006d667e8b42e4c0073393abee.js?body=1" for ::1 at 2021-04-08 11:08:52 -0400
Started GET "/assets/application.self-f571b9db02bf4ed04c38a6a29072ac382f7d4f47db1fab9817aeadb0d8665235.js?body=1" for ::1 at 2021-04-08 11:08:52 -0400
Started GET "/assets/components/sidebar.self-2a1277f850a6fa21e1a974ef5152f177ac05516477d5081d593bb137b3d6808b.js?body=1" for ::1 at 2021-04-08 11:08:52 -0400
Started GET "/assets/application.self-333cb729bb041ae083f9d0d95ed3d3a43d273a9566f583ef09ae0b9c9acee948.css?body=1&livereload=1617894613078" for ::1 at 2021-04-08 11:10:13 -0400
Started GET "/assets/application.self-333cb729bb041ae083f9d0d95ed3d3a43d273a9566f583ef09ae0b9c9acee948.css?body=1&livereload=1617894613079" for ::1 at 2021-04-08 11:10:13 -0400
Started GET "/assets/application.self-333cb729bb041ae083f9d0d95ed3d3a43d273a9566f583ef09ae0b9c9acee948.css?body=1&livereload=1617894616074" for ::1 at 2021-04-08 11:10:16 -0400
Started GET "/assets/application.self-333cb729bb041ae083f9d0d95ed3d3a43d273a9566f583ef09ae0b9c9acee948.css?body=1&livereload=1617894616073" for ::1 at 2021-04-08 11:10:16 -0400
Started GET "/assets/application.self-333cb729bb041ae083f9d0d95ed3d3a43d273a9566f583ef09ae0b9c9acee948.css?body=1&livereload=1617894618518" for ::1 at 2021-04-08 11:10:18 -0400
Started GET "/assets/application.self-333cb729bb041ae083f9d0d95ed3d3a43d273a9566f583ef09ae0b9c9acee948.css?body=1&livereload=1617894618517" for ::1 at 2021-04-08 11:10:18 -0400
Started GET "/assets/application.self-333cb729bb041ae083f9d0d95ed3d3a43d273a9566f583ef09ae0b9c9acee948.css?body=1&livereload=1617894622156" for ::1 at 2021-04-08 11:10:22 -0400
Started GET "/assets/application.self-333cb729bb041ae083f9d0d95ed3d3a43d273a9566f583ef09ae0b9c9acee948.css?body=1&livereload=1617894622157" for ::1 at 2021-04-08 11:10:22 -0400
Started GET "/assets/application.self-333cb729bb041ae083f9d0d95ed3d3a43d273a9566f583ef09ae0b9c9acee948.css?body=1&livereload=1617894624332" for ::1 at 2021-04-08 11:10:24 -0400
Started GET "/assets/application.self-333cb729bb041ae083f9d0d95ed3d3a43d273a9566f583ef09ae0b9c9acee948.css?body=1&livereload=1617894624334" for ::1 at 2021-04-08 11:10:24 -0400
Started GET "/assets/application.self-333cb729bb041ae083f9d0d95ed3d3a43d273a9566f583ef09ae0b9c9acee948.css?body=1&livereload=1617894688916" for ::1 at 2021-04-08 11:11:28 -0400
Started GET "/assets/application.self-333cb729bb041ae083f9d0d95ed3d3a43d273a9566f583ef09ae0b9c9acee948.css?body=1&livereload=1617894688917" for ::1 at 2021-04-08 11:11:28 -0400
Started GET "/assets/application.self-333cb729bb041ae083f9d0d95ed3d3a43d273a9566f583ef09ae0b9c9acee948.css?body=1&livereload=1617894691456" for ::1 at 2021-04-08 11:11:31 -0400
Started GET "/assets/application.self-333cb729bb041ae083f9d0d95ed3d3a43d273a9566f583ef09ae0b9c9acee948.css?body=1&livereload=1617894691456&livereload=1617894691456" for ::1 at 2021-04-08 11:11:31 -0400
Started GET "/" for ::1 at 2021-04-08 11:11:33 -0400
Processing by StaticPagesController#index as HTML
  Rendering static_pages/index.html.erb within layouts/application
  Rendered shared/_main_nav.html.erb (0.4ms)
  Rendered shared/_masthead.html.erb (0.3ms)
  Rendered shared/_sections_nav.html.erb (0.4ms)
  Rendered shared/_search_modal.html.erb (0.3ms)
  Rendered shared/_main_content.html.erb (0.2ms)
  Rendered static_pages/index.html.erb within layouts/application (16.2ms)
Completed 200 OK in 70ms (Views: 67.9ms | ActiveRecord: 0.0ms)


Started GET "/assets/application.self-0555b23d464341479a3b06203f4ccb2e28f65eb3292fc6ed6f8704fd376e07c0.css?body=1" for ::1 at 2021-04-08 11:11:33 -0400
Started GET "/assets/application.self-0555b23d464341479a3b06203f4ccb2e28f65eb3292fc6ed6f8704fd376e07c0.css?body=1&livereload=1617894712793" for ::1 at 2021-04-08 11:11:52 -0400
Started GET "/assets/application.self-0555b23d464341479a3b06203f4ccb2e28f65eb3292fc6ed6f8704fd376e07c0.css?body=1&livereload=1617894712794" for ::1 at 2021-04-08 11:11:52 -0400
Started GET "/assets/application.self-0555b23d464341479a3b06203f4ccb2e28f65eb3292fc6ed6f8704fd376e07c0.css?body=1&livereload=1617894717774" for ::1 at 2021-04-08 11:11:57 -0400
Started GET "/assets/application.self-0555b23d464341479a3b06203f4ccb2e28f65eb3292fc6ed6f8704fd376e07c0.css?body=1&livereload=1617894717773" for ::1 at 2021-04-08 11:11:57 -0400
Started GET "/assets/application.self-0555b23d464341479a3b06203f4ccb2e28f65eb3292fc6ed6f8704fd376e07c0.css?body=1&livereload=1617894720673" for ::1 at 2021-04-08 11:12:00 -0400
Started GET "/assets/application.self-0555b23d464341479a3b06203f4ccb2e28f65eb3292fc6ed6f8704fd376e07c0.css?body=1&livereload=1617894720674" for ::1 at 2021-04-08 11:12:00 -0400
Started GET "/assets/application.self-0555b23d464341479a3b06203f4ccb2e28f65eb3292fc6ed6f8704fd376e07c0.css?body=1&livereload=1617894725561" for ::1 at 2021-04-08 11:12:05 -0400
Started GET "/assets/application.self-0555b23d464341479a3b06203f4ccb2e28f65eb3292fc6ed6f8704fd376e07c0.css?body=1&livereload=1617894725562" for ::1 at 2021-04-08 11:12:05 -0400
Started GET "/assets/application.self-0555b23d464341479a3b06203f4ccb2e28f65eb3292fc6ed6f8704fd376e07c0.css?body=1&livereload=1617894734343" for ::1 at 2021-04-08 11:12:14 -0400
Started GET "/assets/application.self-0555b23d464341479a3b06203f4ccb2e28f65eb3292fc6ed6f8704fd376e07c0.css?body=1&livereload=1617894734344" for ::1 at 2021-04-08 11:12:14 -0400
Started GET "/assets/application.self-0555b23d464341479a3b06203f4ccb2e28f65eb3292fc6ed6f8704fd376e07c0.css?body=1&livereload=1617894738511" for ::1 at 2021-04-08 11:12:18 -0400
Started GET "/assets/application.self-0555b23d464341479a3b06203f4ccb2e28f65eb3292fc6ed6f8704fd376e07c0.css?body=1&livereload=1617894738512" for ::1 at 2021-04-08 11:12:18 -0400
Started GET "/assets/application.self-0555b23d464341479a3b06203f4ccb2e28f65eb3292fc6ed6f8704fd376e07c0.css?body=1&livereload=1617894740777" for ::1 at 2021-04-08 11:12:20 -0400
Started GET "/assets/application.self-0555b23d464341479a3b06203f4ccb2e28f65eb3292fc6ed6f8704fd376e07c0.css?body=1&livereload=1617894740777&livereload=1617894740777" for ::1 at 2021-04-08 11:12:20 -0400
Started GET "/assets/application.self-0555b23d464341479a3b06203f4ccb2e28f65eb3292fc6ed6f8704fd376e07c0.css?body=1&livereload=1617894742590&livereload=1617894740777" for ::1 at 2021-04-08 11:12:22 -0400
Started GET "/assets/application.self-0555b23d464341479a3b06203f4ccb2e28f65eb3292fc6ed6f8704fd376e07c0.css?body=1&livereload=1617894742591&livereload=1617894740777" for ::1 at 2021-04-08 11:12:22 -0400
Started GET "/assets/application.self-0555b23d464341479a3b06203f4ccb2e28f65eb3292fc6ed6f8704fd376e07c0.css?body=1&livereload=1617894743949&livereload=1617894740777" for ::1 at 2021-04-08 11:12:23 -0400
Started GET "/assets/application.self-0555b23d464341479a3b06203f4ccb2e28f65eb3292fc6ed6f8704fd376e07c0.css?body=1&livereload=1617894743950&livereload=1617894740777" for ::1 at 2021-04-08 11:12:23 -0400
Started GET "/assets/application.self-0555b23d464341479a3b06203f4ccb2e28f65eb3292fc6ed6f8704fd376e07c0.css?body=1&livereload=1617894746396&livereload=1617894740777" for ::1 at 2021-04-08 11:12:26 -0400
Started GET "/assets/application.self-0555b23d464341479a3b06203f4ccb2e28f65eb3292fc6ed6f8704fd376e07c0.css?body=1&livereload=1617894746397&livereload=1617894740777" for ::1 at 2021-04-08 11:12:26 -0400
Started GET "/assets/application.self-0555b23d464341479a3b06203f4ccb2e28f65eb3292fc6ed6f8704fd376e07c0.css?body=1&livereload=1617894751196&livereload=1617894740777&livereload=1617894751196" for ::1 at 2021-04-08 11:12:31 -0400
Started GET "/assets/application.self-0555b23d464341479a3b06203f4ccb2e28f65eb3292fc6ed6f8704fd376e07c0.css?body=1&livereload=1617894751196&livereload=1617894740777" for ::1 at 2021-04-08 11:12:31 -0400
Started GET "/assets/application.self-0555b23d464341479a3b06203f4ccb2e28f65eb3292fc6ed6f8704fd376e07c0.css?body=1&livereload=1617894754188&livereload=1617894740777&livereload=1617894751196" for ::1 at 2021-04-08 11:12:34 -0400
Started GET "/assets/application.self-0555b23d464341479a3b06203f4ccb2e28f65eb3292fc6ed6f8704fd376e07c0.css?body=1&livereload=1617894754189&livereload=1617894740777&livereload=1617894751196" for ::1 at 2021-04-08 11:12:34 -0400
Started GET "/assets/application.self-0555b23d464341479a3b06203f4ccb2e28f65eb3292fc6ed6f8704fd376e07c0.css?body=1&livereload=1617894756547&livereload=1617894740777&livereload=1617894751196" for ::1 at 2021-04-08 11:12:36 -0400
Started GET "/assets/application.self-0555b23d464341479a3b06203f4ccb2e28f65eb3292fc6ed6f8704fd376e07c0.css?body=1&livereload=1617894756548&livereload=1617894740777&livereload=1617894751196" for ::1 at 2021-04-08 11:12:36 -0400
Started GET "/assets/application.self-0555b23d464341479a3b06203f4ccb2e28f65eb3292fc6ed6f8704fd376e07c0.css?body=1&livereload=1617894758247&livereload=1617894740777&livereload=1617894751196" for ::1 at 2021-04-08 11:12:38 -0400
Started GET "/assets/application.self-0555b23d464341479a3b06203f4ccb2e28f65eb3292fc6ed6f8704fd376e07c0.css?body=1&livereload=1617894758248&livereload=1617894740777&livereload=1617894751196" for ::1 at 2021-04-08 11:12:38 -0400
Started GET "/" for ::1 at 2021-04-08 11:12:40 -0400
Processing by StaticPagesController#index as HTML
  Rendering static_pages/index.html.erb within layouts/application
  Rendered shared/_main_nav.html.erb (0.2ms)
  Rendered shared/_masthead.html.erb (0.3ms)
  Rendered shared/_sections_nav.html.erb (0.3ms)
  Rendered shared/_search_modal.html.erb (0.3ms)
  Rendered shared/_main_content.html.erb (0.2ms)
  Rendered static_pages/index.html.erb within layouts/application (15.3ms)
Completed 200 OK in 67ms (Views: 64.6ms | ActiveRecord: 0.0ms)


Started GET "/assets/application.self-06f0c570d4d6ca9b16e6f8103142d93858a98b26b4b9a36d91b1a51ce83fb690.css?body=1" for ::1 at 2021-04-08 11:12:40 -0400
Started GET "/assets/application.self-06f0c570d4d6ca9b16e6f8103142d93858a98b26b4b9a36d91b1a51ce83fb690.css?body=1&livereload=1617894826364" for ::1 at 2021-04-08 11:13:46 -0400
Started GET "/assets/application.self-06f0c570d4d6ca9b16e6f8103142d93858a98b26b4b9a36d91b1a51ce83fb690.css?body=1&livereload=1617894826365" for ::1 at 2021-04-08 11:13:46 -0400
Started GET "/assets/application.self-06f0c570d4d6ca9b16e6f8103142d93858a98b26b4b9a36d91b1a51ce83fb690.css?body=1&livereload=1617894829916" for ::1 at 2021-04-08 11:13:49 -0400
Started GET "/assets/application.self-06f0c570d4d6ca9b16e6f8103142d93858a98b26b4b9a36d91b1a51ce83fb690.css?body=1&livereload=1617894829917" for ::1 at 2021-04-08 11:13:49 -0400
Started GET "/assets/application.self-06f0c570d4d6ca9b16e6f8103142d93858a98b26b4b9a36d91b1a51ce83fb690.css?body=1&livereload=1617894839605" for ::1 at 2021-04-08 11:13:59 -0400
Started GET "/assets/application.self-06f0c570d4d6ca9b16e6f8103142d93858a98b26b4b9a36d91b1a51ce83fb690.css?body=1&livereload=1617894839604" for ::1 at 2021-04-08 11:13:59 -0400
Started GET "/assets/application.self-06f0c570d4d6ca9b16e6f8103142d93858a98b26b4b9a36d91b1a51ce83fb690.css?body=1&livereload=1617894848755" for ::1 at 2021-04-08 11:14:08 -0400
Started GET "/assets/application.self-06f0c570d4d6ca9b16e6f8103142d93858a98b26b4b9a36d91b1a51ce83fb690.css?body=1&livereload=1617894848756" for ::1 at 2021-04-08 11:14:08 -0400
Started GET "/assets/application.self-06f0c570d4d6ca9b16e6f8103142d93858a98b26b4b9a36d91b1a51ce83fb690.css?body=1&livereload=1617894849845" for ::1 at 2021-04-08 11:14:09 -0400
Started GET "/assets/application.self-06f0c570d4d6ca9b16e6f8103142d93858a98b26b4b9a36d91b1a51ce83fb690.css?body=1&livereload=1617894849847" for ::1 at 2021-04-08 11:14:09 -0400
Started GET "/assets/application.self-06f0c570d4d6ca9b16e6f8103142d93858a98b26b4b9a36d91b1a51ce83fb690.css?body=1&livereload=1617894854007" for ::1 at 2021-04-08 11:14:14 -0400
Started GET "/assets/application.self-06f0c570d4d6ca9b16e6f8103142d93858a98b26b4b9a36d91b1a51ce83fb690.css?body=1&livereload=1617894854006" for ::1 at 2021-04-08 11:14:14 -0400
Started GET "/assets/application.self-06f0c570d4d6ca9b16e6f8103142d93858a98b26b4b9a36d91b1a51ce83fb690.css?body=1&livereload=1617894855097" for ::1 at 2021-04-08 11:14:15 -0400
Started GET "/assets/application.self-06f0c570d4d6ca9b16e6f8103142d93858a98b26b4b9a36d91b1a51ce83fb690.css?body=1&livereload=1617894855099" for ::1 at 2021-04-08 11:14:15 -0400
Started GET "/assets/application.self-06f0c570d4d6ca9b16e6f8103142d93858a98b26b4b9a36d91b1a51ce83fb690.css?body=1&livereload=1617894855652" for ::1 at 2021-04-08 11:14:15 -0400
Started GET "/assets/application.self-06f0c570d4d6ca9b16e6f8103142d93858a98b26b4b9a36d91b1a51ce83fb690.css?body=1&livereload=1617894855653" for ::1 at 2021-04-08 11:14:15 -0400
Started GET "/assets/application.self-06f0c570d4d6ca9b16e6f8103142d93858a98b26b4b9a36d91b1a51ce83fb690.css?body=1&livereload=1617894861817" for ::1 at 2021-04-08 11:14:21 -0400
Started GET "/assets/application.self-06f0c570d4d6ca9b16e6f8103142d93858a98b26b4b9a36d91b1a51ce83fb690.css?body=1&livereload=1617894861816" for ::1 at 2021-04-08 11:14:21 -0400
Started GET "/assets/application.self-06f0c570d4d6ca9b16e6f8103142d93858a98b26b4b9a36d91b1a51ce83fb690.css?body=1&livereload=1617894865622" for ::1 at 2021-04-08 11:14:25 -0400
Started GET "/assets/application.self-06f0c570d4d6ca9b16e6f8103142d93858a98b26b4b9a36d91b1a51ce83fb690.css?body=1&livereload=1617894865621" for ::1 at 2021-04-08 11:14:25 -0400
Started GET "/assets/application.self-06f0c570d4d6ca9b16e6f8103142d93858a98b26b4b9a36d91b1a51ce83fb690.css?body=1&livereload=1617894868611" for ::1 at 2021-04-08 11:14:28 -0400
Started GET "/assets/application.self-06f0c570d4d6ca9b16e6f8103142d93858a98b26b4b9a36d91b1a51ce83fb690.css?body=1&livereload=1617894868612" for ::1 at 2021-04-08 11:14:28 -0400
Started GET "/assets/application.self-06f0c570d4d6ca9b16e6f8103142d93858a98b26b4b9a36d91b1a51ce83fb690.css?body=1&livereload=1617894870512" for ::1 at 2021-04-08 11:14:30 -0400
Started GET "/assets/application.self-06f0c570d4d6ca9b16e6f8103142d93858a98b26b4b9a36d91b1a51ce83fb690.css?body=1&livereload=1617894870513" for ::1 at 2021-04-08 11:14:30 -0400
Started GET "/assets/application.self-06f0c570d4d6ca9b16e6f8103142d93858a98b26b4b9a36d91b1a51ce83fb690.css?body=1&livereload=1617894885179" for ::1 at 2021-04-08 11:14:45 -0400
Started GET "/assets/application.self-06f0c570d4d6ca9b16e6f8103142d93858a98b26b4b9a36d91b1a51ce83fb690.css?body=1&livereload=1617894885178" for ::1 at 2021-04-08 11:14:45 -0400
Started GET "/assets/application.self-06f0c570d4d6ca9b16e6f8103142d93858a98b26b4b9a36d91b1a51ce83fb690.css?body=1&livereload=1617894887896" for ::1 at 2021-04-08 11:14:47 -0400
Started GET "/assets/application.self-06f0c570d4d6ca9b16e6f8103142d93858a98b26b4b9a36d91b1a51ce83fb690.css?body=1&livereload=1617894887897" for ::1 at 2021-04-08 11:14:47 -0400
Started GET "/assets/application.self-06f0c570d4d6ca9b16e6f8103142d93858a98b26b4b9a36d91b1a51ce83fb690.css?body=1&livereload=1617894890883" for ::1 at 2021-04-08 11:14:50 -0400
Started GET "/assets/application.self-06f0c570d4d6ca9b16e6f8103142d93858a98b26b4b9a36d91b1a51ce83fb690.css?body=1&livereload=1617894890884" for ::1 at 2021-04-08 11:14:50 -0400
Started GET "/assets/application.self-06f0c570d4d6ca9b16e6f8103142d93858a98b26b4b9a36d91b1a51ce83fb690.css?body=1&livereload=1617894894515" for ::1 at 2021-04-08 11:14:54 -0400
Started GET "/assets/application.self-06f0c570d4d6ca9b16e6f8103142d93858a98b26b4b9a36d91b1a51ce83fb690.css?body=1&livereload=1617894894517" for ::1 at 2021-04-08 11:14:54 -0400
Started GET "/assets/application.self-06f0c570d4d6ca9b16e6f8103142d93858a98b26b4b9a36d91b1a51ce83fb690.css?body=1&livereload=1617894896147" for ::1 at 2021-04-08 11:14:56 -0400
Started GET "/assets/application.self-06f0c570d4d6ca9b16e6f8103142d93858a98b26b4b9a36d91b1a51ce83fb690.css?body=1&livereload=1617894896148" for ::1 at 2021-04-08 11:14:56 -0400
Started GET "/assets/application.self-06f0c570d4d6ca9b16e6f8103142d93858a98b26b4b9a36d91b1a51ce83fb690.css?body=1&livereload=1617894898234" for ::1 at 2021-04-08 11:14:58 -0400
Started GET "/assets/application.self-06f0c570d4d6ca9b16e6f8103142d93858a98b26b4b9a36d91b1a51ce83fb690.css?body=1&livereload=1617894898233" for ::1 at 2021-04-08 11:14:58 -0400
Started GET "/assets/application.self-06f0c570d4d6ca9b16e6f8103142d93858a98b26b4b9a36d91b1a51ce83fb690.css?body=1&livereload=1617894902219" for ::1 at 2021-04-08 11:15:02 -0400
Started GET "/assets/application.self-06f0c570d4d6ca9b16e6f8103142d93858a98b26b4b9a36d91b1a51ce83fb690.css?body=1&livereload=1617894902218" for ::1 at 2021-04-08 11:15:02 -0400
Started GET "/assets/application.self-06f0c570d4d6ca9b16e6f8103142d93858a98b26b4b9a36d91b1a51ce83fb690.css?body=1&livereload=1617894907203" for ::1 at 2021-04-08 11:15:07 -0400
Started GET "/assets/application.self-06f0c570d4d6ca9b16e6f8103142d93858a98b26b4b9a36d91b1a51ce83fb690.css?body=1&livereload=1617894907203&livereload=1617894907203" for ::1 at 2021-04-08 11:15:07 -0400
Started GET "/assets/application.self-06f0c570d4d6ca9b16e6f8103142d93858a98b26b4b9a36d91b1a51ce83fb690.css?body=1&livereload=1617894909831&livereload=1617894907203" for ::1 at 2021-04-08 11:15:09 -0400
Started GET "/assets/application.self-06f0c570d4d6ca9b16e6f8103142d93858a98b26b4b9a36d91b1a51ce83fb690.css?body=1&livereload=1617894909830&livereload=1617894907203" for ::1 at 2021-04-08 11:15:09 -0400
Started GET "/assets/application.self-06f0c570d4d6ca9b16e6f8103142d93858a98b26b4b9a36d91b1a51ce83fb690.css?body=1&livereload=1617894964190&livereload=1617894907203" for ::1 at 2021-04-08 11:16:04 -0400
Started GET "/assets/application.self-06f0c570d4d6ca9b16e6f8103142d93858a98b26b4b9a36d91b1a51ce83fb690.css?body=1&livereload=1617894964191&livereload=1617894907203" for ::1 at 2021-04-08 11:16:04 -0400
Started GET "/assets/application.self-06f0c570d4d6ca9b16e6f8103142d93858a98b26b4b9a36d91b1a51ce83fb690.css?body=1&livereload=1617894966821&livereload=1617894907203" for ::1 at 2021-04-08 11:16:06 -0400
Started GET "/assets/application.self-06f0c570d4d6ca9b16e6f8103142d93858a98b26b4b9a36d91b1a51ce83fb690.css?body=1&livereload=1617894966821&livereload=1617894907203&livereload=1617894966821" for ::1 at 2021-04-08 11:16:06 -0400
Started GET "/assets/application.self-06f0c570d4d6ca9b16e6f8103142d93858a98b26b4b9a36d91b1a51ce83fb690.css?body=1&livereload=1617894970714&livereload=1617894907203&livereload=1617894966821" for ::1 at 2021-04-08 11:16:10 -0400
Started GET "/assets/application.self-06f0c570d4d6ca9b16e6f8103142d93858a98b26b4b9a36d91b1a51ce83fb690.css?body=1&livereload=1617894970715&livereload=1617894907203&livereload=1617894966821" for ::1 at 2021-04-08 11:16:10 -0400
Started GET "/assets/application.self-06f0c570d4d6ca9b16e6f8103142d93858a98b26b4b9a36d91b1a51ce83fb690.css?body=1&livereload=1617895012829&livereload=1617894907203&livereload=1617894966821" for ::1 at 2021-04-08 11:16:52 -0400
Started GET "/assets/application.self-06f0c570d4d6ca9b16e6f8103142d93858a98b26b4b9a36d91b1a51ce83fb690.css?body=1&livereload=1617895012831&livereload=1617894907203&livereload=1617894966821" for ::1 at 2021-04-08 11:16:52 -0400
Started GET "/assets/application.self-06f0c570d4d6ca9b16e6f8103142d93858a98b26b4b9a36d91b1a51ce83fb690.css?body=1&livereload=1617895015819&livereload=1617894907203&livereload=1617894966821" for ::1 at 2021-04-08 11:16:55 -0400
Started GET "/assets/application.self-06f0c570d4d6ca9b16e6f8103142d93858a98b26b4b9a36d91b1a51ce83fb690.css?body=1&livereload=1617895015821&livereload=1617894907203&livereload=1617894966821" for ::1 at 2021-04-08 11:16:55 -0400
Started GET "/assets/application.self-06f0c570d4d6ca9b16e6f8103142d93858a98b26b4b9a36d91b1a51ce83fb690.css?body=1&livereload=1617895019263&livereload=1617894907203&livereload=1617894966821" for ::1 at 2021-04-08 11:16:59 -0400
Started GET "/assets/application.self-06f0c570d4d6ca9b16e6f8103142d93858a98b26b4b9a36d91b1a51ce83fb690.css?body=1&livereload=1617895019267&livereload=1617894907203&livereload=1617894966821" for ::1 at 2021-04-08 11:16:59 -0400
Started GET "/assets/application.self-06f0c570d4d6ca9b16e6f8103142d93858a98b26b4b9a36d91b1a51ce83fb690.css?body=1&livereload=1617895023171&livereload=1617894907203&livereload=1617894966821" for ::1 at 2021-04-08 11:17:03 -0400
Started GET "/assets/application.self-06f0c570d4d6ca9b16e6f8103142d93858a98b26b4b9a36d91b1a51ce83fb690.css?body=1&livereload=1617895023172&livereload=1617894907203&livereload=1617894966821" for ::1 at 2021-04-08 11:17:03 -0400
Started GET "/assets/application.self-06f0c570d4d6ca9b16e6f8103142d93858a98b26b4b9a36d91b1a51ce83fb690.css?body=1&livereload=1617895024260&livereload=1617894907203&livereload=1617894966821" for ::1 at 2021-04-08 11:17:04 -0400
Started GET "/assets/application.self-06f0c570d4d6ca9b16e6f8103142d93858a98b26b4b9a36d91b1a51ce83fb690.css?body=1&livereload=1617895024263&livereload=1617894907203&livereload=1617894966821" for ::1 at 2021-04-08 11:17:04 -0400
Started GET "/assets/application.self-06f0c570d4d6ca9b16e6f8103142d93858a98b26b4b9a36d91b1a51ce83fb690.css?body=1&livereload=1617895030785&livereload=1617894907203&livereload=1617894966821" for ::1 at 2021-04-08 11:17:10 -0400
Started GET "/assets/application.self-06f0c570d4d6ca9b16e6f8103142d93858a98b26b4b9a36d91b1a51ce83fb690.css?body=1&livereload=1617895030787&livereload=1617894907203&livereload=1617894966821" for ::1 at 2021-04-08 11:17:10 -0400
Started GET "/assets/application.self-06f0c570d4d6ca9b16e6f8103142d93858a98b26b4b9a36d91b1a51ce83fb690.css?body=1&livereload=1617895033503&livereload=1617894907203&livereload=1617894966821" for ::1 at 2021-04-08 11:17:13 -0400
Started GET "/assets/application.self-06f0c570d4d6ca9b16e6f8103142d93858a98b26b4b9a36d91b1a51ce83fb690.css?body=1&livereload=1617895033505&livereload=1617894907203&livereload=1617894966821" for ::1 at 2021-04-08 11:17:13 -0400
Started GET "/assets/application.self-06f0c570d4d6ca9b16e6f8103142d93858a98b26b4b9a36d91b1a51ce83fb690.css?body=1&livereload=1617895036945&livereload=1617894907203&livereload=1617894966821" for ::1 at 2021-04-08 11:17:16 -0400
Started GET "/assets/application.self-06f0c570d4d6ca9b16e6f8103142d93858a98b26b4b9a36d91b1a51ce83fb690.css?body=1&livereload=1617895036943&livereload=1617894907203&livereload=1617894966821" for ::1 at 2021-04-08 11:17:16 -0400
Started GET "/assets/application.self-06f0c570d4d6ca9b16e6f8103142d93858a98b26b4b9a36d91b1a51ce83fb690.css?body=1&livereload=1617895040476&livereload=1617894907203&livereload=1617894966821" for ::1 at 2021-04-08 11:17:20 -0400
Started GET "/assets/application.self-06f0c570d4d6ca9b16e6f8103142d93858a98b26b4b9a36d91b1a51ce83fb690.css?body=1&livereload=1617895040478&livereload=1617894907203&livereload=1617894966821" for ::1 at 2021-04-08 11:17:20 -0400
Started GET "/assets/application.self-06f0c570d4d6ca9b16e6f8103142d93858a98b26b4b9a36d91b1a51ce83fb690.css?body=1&livereload=1617895043827&livereload=1617894907203&livereload=1617894966821" for ::1 at 2021-04-08 11:17:23 -0400
Started GET "/assets/application.self-06f0c570d4d6ca9b16e6f8103142d93858a98b26b4b9a36d91b1a51ce83fb690.css?body=1&livereload=1617895043828&livereload=1617894907203&livereload=1617894966821" for ::1 at 2021-04-08 11:17:23 -0400
Started GET "/" for ::1 at 2021-04-08 11:17:28 -0400
Processing by StaticPagesController#index as HTML
  Rendering static_pages/index.html.erb within layouts/application
  Rendered shared/_main_nav.html.erb (0.2ms)
  Rendered shared/_masthead.html.erb (0.2ms)
  Rendered shared/_sections_nav.html.erb (0.2ms)
  Rendered shared/_search_modal.html.erb (0.4ms)
  Rendered shared/_main_content.html.erb (0.5ms)
  Rendered static_pages/index.html.erb within layouts/application (15.5ms)
Completed 200 OK in 70ms (Views: 67.4ms | ActiveRecord: 0.0ms)


Started GET "/assets/application.self-968874b224ee5ff57f90248e50e851aff88463f7e4a4279cfece02662da963f6.css?body=1" for ::1 at 2021-04-08 11:17:28 -0400
Started GET "/assets/application.self-968874b224ee5ff57f90248e50e851aff88463f7e4a4279cfece02662da963f6.css?body=1&livereload=1617895062543" for ::1 at 2021-04-08 11:17:42 -0400
Started GET "/assets/application.self-968874b224ee5ff57f90248e50e851aff88463f7e4a4279cfece02662da963f6.css?body=1&livereload=1617895062545" for ::1 at 2021-04-08 11:17:42 -0400
Started GET "/assets/application.self-968874b224ee5ff57f90248e50e851aff88463f7e4a4279cfece02662da963f6.css?body=1&livereload=1617895063901" for ::1 at 2021-04-08 11:17:43 -0400
Started GET "/assets/application.self-968874b224ee5ff57f90248e50e851aff88463f7e4a4279cfece02662da963f6.css?body=1&livereload=1617895063903" for ::1 at 2021-04-08 11:17:43 -0400
Started GET "/assets/application.self-968874b224ee5ff57f90248e50e851aff88463f7e4a4279cfece02662da963f6.css?body=1&livereload=1617895118304" for ::1 at 2021-04-08 11:18:38 -0400
Started GET "/assets/application.self-968874b224ee5ff57f90248e50e851aff88463f7e4a4279cfece02662da963f6.css?body=1&livereload=1617895118305" for ::1 at 2021-04-08 11:18:38 -0400
Started GET "/assets/application.self-968874b224ee5ff57f90248e50e851aff88463f7e4a4279cfece02662da963f6.css?body=1&livereload=1617895157511" for ::1 at 2021-04-08 11:19:17 -0400
Started GET "/assets/application.self-968874b224ee5ff57f90248e50e851aff88463f7e4a4279cfece02662da963f6.css?body=1&livereload=1617895157513" for ::1 at 2021-04-08 11:19:17 -0400
Started GET "/assets/application.self-968874b224ee5ff57f90248e50e851aff88463f7e4a4279cfece02662da963f6.css?body=1&livereload=1617895159054" for ::1 at 2021-04-08 11:19:19 -0400
Started GET "/assets/application.self-968874b224ee5ff57f90248e50e851aff88463f7e4a4279cfece02662da963f6.css?body=1&livereload=1617895159057" for ::1 at 2021-04-08 11:19:19 -0400
Started GET "/assets/application.self-968874b224ee5ff57f90248e50e851aff88463f7e4a4279cfece02662da963f6.css?body=1&livereload=1617895181236" for ::1 at 2021-04-08 11:19:41 -0400
Started GET "/assets/application.self-968874b224ee5ff57f90248e50e851aff88463f7e4a4279cfece02662da963f6.css?body=1&livereload=1617895181238" for ::1 at 2021-04-08 11:19:41 -0400
Started GET "/assets/application.self-968874b224ee5ff57f90248e50e851aff88463f7e4a4279cfece02662da963f6.css?body=1&livereload=1617895183147" for ::1 at 2021-04-08 11:19:43 -0400
Started GET "/assets/application.self-968874b224ee5ff57f90248e50e851aff88463f7e4a4279cfece02662da963f6.css?body=1&livereload=1617895183148" for ::1 at 2021-04-08 11:19:43 -0400
Started GET "/assets/application.self-968874b224ee5ff57f90248e50e851aff88463f7e4a4279cfece02662da963f6.css?body=1&livereload=1617895186770" for ::1 at 2021-04-08 11:19:46 -0400
Started GET "/assets/application.self-968874b224ee5ff57f90248e50e851aff88463f7e4a4279cfece02662da963f6.css?body=1&livereload=1617895186773" for ::1 at 2021-04-08 11:19:46 -0400
Started GET "/assets/application.self-968874b224ee5ff57f90248e50e851aff88463f7e4a4279cfece02662da963f6.css?body=1&livereload=1617895187223" for ::1 at 2021-04-08 11:19:47 -0400
Started GET "/assets/application.self-968874b224ee5ff57f90248e50e851aff88463f7e4a4279cfece02662da963f6.css?body=1&livereload=1617895187225" for ::1 at 2021-04-08 11:19:47 -0400
Started GET "/assets/application.self-968874b224ee5ff57f90248e50e851aff88463f7e4a4279cfece02662da963f6.css?body=1&livereload=1617895201989" for ::1 at 2021-04-08 11:20:01 -0400
Started GET "/assets/application.self-968874b224ee5ff57f90248e50e851aff88463f7e4a4279cfece02662da963f6.css?body=1&livereload=1617895201987" for ::1 at 2021-04-08 11:20:01 -0400
Started GET "/assets/application.self-968874b224ee5ff57f90248e50e851aff88463f7e4a4279cfece02662da963f6.css?body=1&livereload=1617895203441" for ::1 at 2021-04-08 11:20:03 -0400
Started GET "/assets/application.self-968874b224ee5ff57f90248e50e851aff88463f7e4a4279cfece02662da963f6.css?body=1&livereload=1617895203447" for ::1 at 2021-04-08 11:20:03 -0400
Started GET "/assets/application.self-968874b224ee5ff57f90248e50e851aff88463f7e4a4279cfece02662da963f6.css?body=1&livereload=1617895205438" for ::1 at 2021-04-08 11:20:05 -0400
Started GET "/assets/application.self-968874b224ee5ff57f90248e50e851aff88463f7e4a4279cfece02662da963f6.css?body=1&livereload=1617895205440" for ::1 at 2021-04-08 11:20:05 -0400
Started GET "/assets/application.self-968874b224ee5ff57f90248e50e851aff88463f7e4a4279cfece02662da963f6.css?body=1&livereload=1617895214583" for ::1 at 2021-04-08 11:20:14 -0400
Started GET "/assets/application.self-968874b224ee5ff57f90248e50e851aff88463f7e4a4279cfece02662da963f6.css?body=1&livereload=1617895214585" for ::1 at 2021-04-08 11:20:14 -0400
Started GET "/assets/application.self-968874b224ee5ff57f90248e50e851aff88463f7e4a4279cfece02662da963f6.css?body=1&livereload=1617895223272" for ::1 at 2021-04-08 11:20:23 -0400
Started GET "/assets/application.self-968874b224ee5ff57f90248e50e851aff88463f7e4a4279cfece02662da963f6.css?body=1&livereload=1617895223273" for ::1 at 2021-04-08 11:20:23 -0400
Started GET "/assets/application.self-968874b224ee5ff57f90248e50e851aff88463f7e4a4279cfece02662da963f6.css?body=1&livereload=1617895223725" for ::1 at 2021-04-08 11:20:23 -0400
Started GET "/assets/application.self-968874b224ee5ff57f90248e50e851aff88463f7e4a4279cfece02662da963f6.css?body=1&livereload=1617895223730" for ::1 at 2021-04-08 11:20:23 -0400
Started GET "/assets/application.self-968874b224ee5ff57f90248e50e851aff88463f7e4a4279cfece02662da963f6.css?body=1&livereload=1617895223728" for ::1 at 2021-04-08 11:20:23 -0400
Started GET "/assets/application.self-968874b224ee5ff57f90248e50e851aff88463f7e4a4279cfece02662da963f6.css?body=1&livereload=1617895223732" for ::1 at 2021-04-08 11:20:23 -0400
Started GET "/assets/application.self-968874b224ee5ff57f90248e50e851aff88463f7e4a4279cfece02662da963f6.css?body=1&livereload=1617895235855" for ::1 at 2021-04-08 11:20:35 -0400
Started GET "/assets/application.self-968874b224ee5ff57f90248e50e851aff88463f7e4a4279cfece02662da963f6.css?body=1&livereload=1617895235853" for ::1 at 2021-04-08 11:20:35 -0400
Started GET "/assets/application.self-968874b224ee5ff57f90248e50e851aff88463f7e4a4279cfece02662da963f6.css?body=1&livereload=1617895237125" for ::1 at 2021-04-08 11:20:37 -0400
Started GET "/assets/application.self-968874b224ee5ff57f90248e50e851aff88463f7e4a4279cfece02662da963f6.css?body=1&livereload=1617895237127" for ::1 at 2021-04-08 11:20:37 -0400
Started GET "/assets/application.self-968874b224ee5ff57f90248e50e851aff88463f7e4a4279cfece02662da963f6.css?body=1&livereload=1617895238483" for ::1 at 2021-04-08 11:20:38 -0400
Started GET "/assets/application.self-968874b224ee5ff57f90248e50e851aff88463f7e4a4279cfece02662da963f6.css?body=1&livereload=1617895238485" for ::1 at 2021-04-08 11:20:38 -0400
Started GET "/assets/application.self-968874b224ee5ff57f90248e50e851aff88463f7e4a4279cfece02662da963f6.css?body=1&livereload=1617895239937" for ::1 at 2021-04-08 11:20:39 -0400
Started GET "/assets/application.self-968874b224ee5ff57f90248e50e851aff88463f7e4a4279cfece02662da963f6.css?body=1&livereload=1617895239940" for ::1 at 2021-04-08 11:20:39 -0400
Started GET "/assets/application.self-968874b224ee5ff57f90248e50e851aff88463f7e4a4279cfece02662da963f6.css?body=1&livereload=1617895240483" for ::1 at 2021-04-08 11:20:40 -0400
Started GET "/assets/application.self-968874b224ee5ff57f90248e50e851aff88463f7e4a4279cfece02662da963f6.css?body=1&livereload=1617895240485" for ::1 at 2021-04-08 11:20:40 -0400
Started GET "/assets/application.self-968874b224ee5ff57f90248e50e851aff88463f7e4a4279cfece02662da963f6.css?body=1&livereload=1617895247746" for ::1 at 2021-04-08 11:20:47 -0400
Started GET "/assets/application.self-968874b224ee5ff57f90248e50e851aff88463f7e4a4279cfece02662da963f6.css?body=1&livereload=1617895247748" for ::1 at 2021-04-08 11:20:47 -0400
Started GET "/assets/application.self-968874b224ee5ff57f90248e50e851aff88463f7e4a4279cfece02662da963f6.css?body=1&livereload=1617895250290" for ::1 at 2021-04-08 11:20:50 -0400
Started GET "/assets/application.self-968874b224ee5ff57f90248e50e851aff88463f7e4a4279cfece02662da963f6.css?body=1&livereload=1617895250291" for ::1 at 2021-04-08 11:20:50 -0400
Started GET "/assets/application.self-968874b224ee5ff57f90248e50e851aff88463f7e4a4279cfece02662da963f6.css?body=1&livereload=1617895253187" for ::1 at 2021-04-08 11:20:53 -0400
Started GET "/assets/application.self-968874b224ee5ff57f90248e50e851aff88463f7e4a4279cfece02662da963f6.css?body=1&livereload=1617895253189" for ::1 at 2021-04-08 11:20:53 -0400
Started GET "/assets/application.self-968874b224ee5ff57f90248e50e851aff88463f7e4a4279cfece02662da963f6.css?body=1&livereload=1617895254456" for ::1 at 2021-04-08 11:20:54 -0400
Started GET "/assets/application.self-968874b224ee5ff57f90248e50e851aff88463f7e4a4279cfece02662da963f6.css?body=1&livereload=1617895254458" for ::1 at 2021-04-08 11:20:54 -0400
Started GET "/assets/application.self-968874b224ee5ff57f90248e50e851aff88463f7e4a4279cfece02662da963f6.css?body=1&livereload=1617895255003" for ::1 at 2021-04-08 11:20:55 -0400
Started GET "/assets/application.self-968874b224ee5ff57f90248e50e851aff88463f7e4a4279cfece02662da963f6.css?body=1&livereload=1617895255007" for ::1 at 2021-04-08 11:20:55 -0400
Started GET "/assets/application.self-968874b224ee5ff57f90248e50e851aff88463f7e4a4279cfece02662da963f6.css?body=1&livereload=1617895257266" for ::1 at 2021-04-08 11:20:57 -0400
Started GET "/assets/application.self-968874b224ee5ff57f90248e50e851aff88463f7e4a4279cfece02662da963f6.css?body=1&livereload=1617895257268" for ::1 at 2021-04-08 11:20:57 -0400
Started GET "/assets/application.self-968874b224ee5ff57f90248e50e851aff88463f7e4a4279cfece02662da963f6.css?body=1&livereload=1617895258811" for ::1 at 2021-04-08 11:20:58 -0400
Started GET "/assets/application.self-968874b224ee5ff57f90248e50e851aff88463f7e4a4279cfece02662da963f6.css?body=1&livereload=1617895258813" for ::1 at 2021-04-08 11:20:58 -0400
Started GET "/assets/application.self-968874b224ee5ff57f90248e50e851aff88463f7e4a4279cfece02662da963f6.css?body=1&livereload=1617895272391" for ::1 at 2021-04-08 11:21:12 -0400
Started GET "/assets/application.self-968874b224ee5ff57f90248e50e851aff88463f7e4a4279cfece02662da963f6.css?body=1&livereload=1617895272393" for ::1 at 2021-04-08 11:21:12 -0400
Started GET "/assets/application.self-968874b224ee5ff57f90248e50e851aff88463f7e4a4279cfece02662da963f6.css?body=1&livereload=1617895281281" for ::1 at 2021-04-08 11:21:21 -0400
Started GET "/assets/application.self-968874b224ee5ff57f90248e50e851aff88463f7e4a4279cfece02662da963f6.css?body=1&livereload=1617895281283" for ::1 at 2021-04-08 11:21:21 -0400
Started GET "/assets/application.self-968874b224ee5ff57f90248e50e851aff88463f7e4a4279cfece02662da963f6.css?body=1&livereload=1617895282935" for ::1 at 2021-04-08 11:21:22 -0400
Started GET "/assets/application.self-968874b224ee5ff57f90248e50e851aff88463f7e4a4279cfece02662da963f6.css?body=1&livereload=1617895282936" for ::1 at 2021-04-08 11:21:22 -0400
Started GET "/assets/application.self-968874b224ee5ff57f90248e50e851aff88463f7e4a4279cfece02662da963f6.css?body=1&livereload=1617895284838" for ::1 at 2021-04-08 11:21:24 -0400
Started GET "/assets/application.self-968874b224ee5ff57f90248e50e851aff88463f7e4a4279cfece02662da963f6.css?body=1&livereload=1617895284839" for ::1 at 2021-04-08 11:21:24 -0400
Started GET "/assets/application.self-968874b224ee5ff57f90248e50e851aff88463f7e4a4279cfece02662da963f6.css?body=1&livereload=1617895293447" for ::1 at 2021-04-08 11:21:33 -0400
Started GET "/assets/application.self-968874b224ee5ff57f90248e50e851aff88463f7e4a4279cfece02662da963f6.css?body=1&livereload=1617895293449" for ::1 at 2021-04-08 11:21:33 -0400
Started GET "/assets/application.self-968874b224ee5ff57f90248e50e851aff88463f7e4a4279cfece02662da963f6.css?body=1&livereload=1617895295168" for ::1 at 2021-04-08 11:21:35 -0400
Started GET "/assets/application.self-968874b224ee5ff57f90248e50e851aff88463f7e4a4279cfece02662da963f6.css?body=1&livereload=1617895295170" for ::1 at 2021-04-08 11:21:35 -0400
Started GET "/assets/application.self-968874b224ee5ff57f90248e50e851aff88463f7e4a4279cfece02662da963f6.css?body=1&livereload=1617895299791" for ::1 at 2021-04-08 11:21:39 -0400
Started GET "/assets/application.self-968874b224ee5ff57f90248e50e851aff88463f7e4a4279cfece02662da963f6.css?body=1&livereload=1617895299793" for ::1 at 2021-04-08 11:21:39 -0400
Started GET "/assets/application.self-968874b224ee5ff57f90248e50e851aff88463f7e4a4279cfece02662da963f6.css?body=1&livereload=1617895300881" for ::1 at 2021-04-08 11:21:40 -0400
Started GET "/assets/application.self-968874b224ee5ff57f90248e50e851aff88463f7e4a4279cfece02662da963f6.css?body=1&livereload=1617895300883" for ::1 at 2021-04-08 11:21:40 -0400
Started GET "/assets/application.self-968874b224ee5ff57f90248e50e851aff88463f7e4a4279cfece02662da963f6.css?body=1&livereload=1617895301352" for ::1 at 2021-04-08 11:21:41 -0400
Started GET "/assets/application.self-968874b224ee5ff57f90248e50e851aff88463f7e4a4279cfece02662da963f6.css?body=1&livereload=1617895301388" for ::1 at 2021-04-08 11:21:41 -0400
Started GET "/assets/application.self-968874b224ee5ff57f90248e50e851aff88463f7e4a4279cfece02662da963f6.css?body=1&livereload=1617895333935" for ::1 at 2021-04-08 11:22:13 -0400
Started GET "/assets/application.self-968874b224ee5ff57f90248e50e851aff88463f7e4a4279cfece02662da963f6.css?body=1&livereload=1617895333938" for ::1 at 2021-04-08 11:22:13 -0400
Started GET "/assets/application.self-968874b224ee5ff57f90248e50e851aff88463f7e4a4279cfece02662da963f6.css?body=1&livereload=1617895337484" for ::1 at 2021-04-08 11:22:17 -0400
Started GET "/assets/application.self-968874b224ee5ff57f90248e50e851aff88463f7e4a4279cfece02662da963f6.css?body=1&livereload=1617895337485" for ::1 at 2021-04-08 11:22:17 -0400
Started GET "/assets/application.self-968874b224ee5ff57f90248e50e851aff88463f7e4a4279cfece02662da963f6.css?body=1&livereload=1617895343821" for ::1 at 2021-04-08 11:22:23 -0400
Started GET "/assets/application.self-968874b224ee5ff57f90248e50e851aff88463f7e4a4279cfece02662da963f6.css?body=1&livereload=1617895343822" for ::1 at 2021-04-08 11:22:23 -0400
Started GET "/assets/application.self-968874b224ee5ff57f90248e50e851aff88463f7e4a4279cfece02662da963f6.css?body=1&livereload=1617895347629" for ::1 at 2021-04-08 11:22:27 -0400
Started GET "/assets/application.self-968874b224ee5ff57f90248e50e851aff88463f7e4a4279cfece02662da963f6.css?body=1&livereload=1617895347631" for ::1 at 2021-04-08 11:22:27 -0400
Started GET "/assets/application.self-968874b224ee5ff57f90248e50e851aff88463f7e4a4279cfece02662da963f6.css?body=1&livereload=1617895348807" for ::1 at 2021-04-08 11:22:28 -0400
Started GET "/assets/application.self-968874b224ee5ff57f90248e50e851aff88463f7e4a4279cfece02662da963f6.css?body=1&livereload=1617895348809" for ::1 at 2021-04-08 11:22:28 -0400
Started GET "/assets/application.self-968874b224ee5ff57f90248e50e851aff88463f7e4a4279cfece02662da963f6.css?body=1&livereload=1617895369631" for ::1 at 2021-04-08 11:22:49 -0400
Started GET "/assets/application.self-968874b224ee5ff57f90248e50e851aff88463f7e4a4279cfece02662da963f6.css?body=1&livereload=1617895369633" for ::1 at 2021-04-08 11:22:49 -0400
Started GET "/assets/application.self-968874b224ee5ff57f90248e50e851aff88463f7e4a4279cfece02662da963f6.css?body=1&livereload=1617895375248" for ::1 at 2021-04-08 11:22:55 -0400
Started GET "/assets/application.self-968874b224ee5ff57f90248e50e851aff88463f7e4a4279cfece02662da963f6.css?body=1&livereload=1617895375250" for ::1 at 2021-04-08 11:22:55 -0400
Started GET "/assets/application.self-968874b224ee5ff57f90248e50e851aff88463f7e4a4279cfece02662da963f6.css?body=1&livereload=1617895375793" for ::1 at 2021-04-08 11:22:55 -0400
Started GET "/assets/application.self-968874b224ee5ff57f90248e50e851aff88463f7e4a4279cfece02662da963f6.css?body=1&livereload=1617895375795" for ::1 at 2021-04-08 11:22:55 -0400
Started GET "/" for ::1 at 2021-04-08 11:22:57 -0400
Processing by StaticPagesController#index as HTML
  Rendering static_pages/index.html.erb within layouts/application
  Rendered shared/_main_nav.html.erb (0.3ms)
  Rendered shared/_masthead.html.erb (0.1ms)
  Rendered shared/_sections_nav.html.erb (0.2ms)
  Rendered shared/_search_modal.html.erb (0.1ms)
  Rendered shared/_main_content.html.erb (0.1ms)
  Rendered static_pages/index.html.erb within layouts/application (11.3ms)
Completed 200 OK in 50ms (Views: 47.8ms | ActiveRecord: 0.0ms)


Started GET "/assets/application.self-a397c72444449e2043042040090505843928ac80ac45b7cf65ed7a8231e0b345.css?body=1" for ::1 at 2021-04-08 11:22:57 -0400
Started GET "/assets/application.self-a397c72444449e2043042040090505843928ac80ac45b7cf65ed7a8231e0b345.css?body=1&livereload=1617895384211" for ::1 at 2021-04-08 11:23:04 -0400
Started GET "/assets/application.self-a397c72444449e2043042040090505843928ac80ac45b7cf65ed7a8231e0b345.css?body=1&livereload=1617895384213" for ::1 at 2021-04-08 11:23:04 -0400
Started GET "/assets/application.self-a397c72444449e2043042040090505843928ac80ac45b7cf65ed7a8231e0b345.css?body=1&livereload=1617895386478" for ::1 at 2021-04-08 11:23:06 -0400
Started GET "/assets/application.self-a397c72444449e2043042040090505843928ac80ac45b7cf65ed7a8231e0b345.css?body=1&livereload=1617895386479" for ::1 at 2021-04-08 11:23:06 -0400
Started GET "/assets/application.self-a397c72444449e2043042040090505843928ac80ac45b7cf65ed7a8231e0b345.css?body=1&livereload=1617895389287" for ::1 at 2021-04-08 11:23:09 -0400
Started GET "/assets/application.self-a397c72444449e2043042040090505843928ac80ac45b7cf65ed7a8231e0b345.css?body=1&livereload=1617895389289" for ::1 at 2021-04-08 11:23:09 -0400
Started GET "/assets/application.self-a397c72444449e2043042040090505843928ac80ac45b7cf65ed7a8231e0b345.css?body=1&livereload=1617895389833" for ::1 at 2021-04-08 11:23:09 -0400
Started GET "/assets/application.self-a397c72444449e2043042040090505843928ac80ac45b7cf65ed7a8231e0b345.css?body=1&livereload=1617895389835" for ::1 at 2021-04-08 11:23:09 -0400
Started GET "/" for ::1 at 2021-04-08 11:23:11 -0400
Processing by StaticPagesController#index as HTML
  Rendering static_pages/index.html.erb within layouts/application
  Rendered shared/_main_nav.html.erb (0.3ms)
  Rendered shared/_masthead.html.erb (0.4ms)
  Rendered shared/_sections_nav.html.erb (5.5ms)
  Rendered shared/_search_modal.html.erb (0.3ms)
  Rendered shared/_main_content.html.erb (0.2ms)
  Rendered static_pages/index.html.erb within layouts/application (21.1ms)
Completed 200 OK in 61ms (Views: 58.6ms | ActiveRecord: 0.0ms)


Started GET "/assets/application.self-baa4b22efb435bc526f44aea25f56279b97ca9746e395162170f8bdf8e00c08e.css?body=1" for ::1 at 2021-04-08 11:23:11 -0400
Started GET "/assets/application.self-baa4b22efb435bc526f44aea25f56279b97ca9746e395162170f8bdf8e00c08e.css?body=1&livereload=1617895440931" for ::1 at 2021-04-08 11:24:00 -0400
Started GET "/assets/application.self-baa4b22efb435bc526f44aea25f56279b97ca9746e395162170f8bdf8e00c08e.css?body=1&livereload=1617895440934" for ::1 at 2021-04-08 11:24:00 -0400
Started GET "/assets/application.self-baa4b22efb435bc526f44aea25f56279b97ca9746e395162170f8bdf8e00c08e.css?body=1&livereload=1617895444917" for ::1 at 2021-04-08 11:24:04 -0400
Started GET "/assets/application.self-baa4b22efb435bc526f44aea25f56279b97ca9746e395162170f8bdf8e00c08e.css?body=1&livereload=1617895444919" for ::1 at 2021-04-08 11:24:04 -0400
Started GET "/assets/application.self-baa4b22efb435bc526f44aea25f56279b97ca9746e395162170f8bdf8e00c08e.css?body=1&livereload=1617895445465" for ::1 at 2021-04-08 11:24:05 -0400
Started GET "/assets/application.self-baa4b22efb435bc526f44aea25f56279b97ca9746e395162170f8bdf8e00c08e.css?body=1&livereload=1617895445462" for ::1 at 2021-04-08 11:24:05 -0400
Started GET "/assets/application.self-baa4b22efb435bc526f44aea25f56279b97ca9746e395162170f8bdf8e00c08e.css?body=1&livereload=1617895454066" for ::1 at 2021-04-08 11:24:14 -0400
Started GET "/assets/application.self-baa4b22efb435bc526f44aea25f56279b97ca9746e395162170f8bdf8e00c08e.css?body=1&livereload=1617895454069" for ::1 at 2021-04-08 11:24:14 -0400
Started GET "/assets/application.self-baa4b22efb435bc526f44aea25f56279b97ca9746e395162170f8bdf8e00c08e.css?body=1&livereload=1617895466405" for ::1 at 2021-04-08 11:24:26 -0400
Started GET "/assets/application.self-baa4b22efb435bc526f44aea25f56279b97ca9746e395162170f8bdf8e00c08e.css?body=1&livereload=1617895466407" for ::1 at 2021-04-08 11:24:26 -0400
Started GET "/assets/application.self-baa4b22efb435bc526f44aea25f56279b97ca9746e395162170f8bdf8e00c08e.css?body=1&livereload=1617895466952" for ::1 at 2021-04-08 11:24:26 -0400
Started GET "/assets/application.self-baa4b22efb435bc526f44aea25f56279b97ca9746e395162170f8bdf8e00c08e.css?body=1&livereload=1617895466954" for ::1 at 2021-04-08 11:24:26 -0400
Started GET "/assets/application.self-baa4b22efb435bc526f44aea25f56279b97ca9746e395162170f8bdf8e00c08e.css?body=1&livereload=1617895480002" for ::1 at 2021-04-08 11:24:40 -0400
Started GET "/assets/application.self-baa4b22efb435bc526f44aea25f56279b97ca9746e395162170f8bdf8e00c08e.css?body=1&livereload=1617895480004" for ::1 at 2021-04-08 11:24:40 -0400
Started GET "/assets/application.self-baa4b22efb435bc526f44aea25f56279b97ca9746e395162170f8bdf8e00c08e.css?body=1&livereload=1617895483177" for ::1 at 2021-04-08 11:24:43 -0400
Started GET "/assets/application.self-baa4b22efb435bc526f44aea25f56279b97ca9746e395162170f8bdf8e00c08e.css?body=1&livereload=1617895483180" for ::1 at 2021-04-08 11:24:43 -0400
Started GET "/assets/application.self-baa4b22efb435bc526f44aea25f56279b97ca9746e395162170f8bdf8e00c08e.css?body=1&livereload=1617895504363" for ::1 at 2021-04-08 11:25:04 -0400
Started GET "/assets/application.self-baa4b22efb435bc526f44aea25f56279b97ca9746e395162170f8bdf8e00c08e.css?body=1&livereload=1617895504365" for ::1 at 2021-04-08 11:25:04 -0400
